<?xml version="1.0" encoding="UTF-8"?>
<!-- Generated by org.testng.reporters.JUnitReportReporter -->
<testsuite hostname="Bharath-PC" name="org.myHome.MavenPracticeTest.PractiveTests.MultipleSelectDropDown" tests="1" failures="0" timestamp="16 Jun 2020 16:21:59 GMT" time="58.958" errors="0">
  <testcase name="selectBrowsers" time="58.958" classname="org.myHome.MavenPracticeTest.PractiveTests.MultipleSelectDropDown"/>
</testsuite> <!-- org.myHome.MavenPracticeTest.PractiveTests.MultipleSelectDropDown -->
