<?xml version="1.0" encoding="UTF-8"?>
<!-- Generated by org.testng.reporters.JUnitReportReporter -->
<testsuite hostname="Bharath-PC" name="org.myHome.MavenPracticeTest.PractiveTests.DropDown" tests="1" failures="0" timestamp="16 Jun 2020 16:05:17 GMT" time="60.361" errors="0">
  <testcase name="captureScreenMethod" time="60.361" classname="org.myHome.MavenPracticeTest.PractiveTests.DropDown"/>
</testsuite> <!-- org.myHome.MavenPracticeTest.PractiveTests.DropDown -->
